2022-06-11 12:09:52,430 INFO org.springframework.boot.StartupInfoLogger [main] Starting FetchApplication using Java 11.0.15.1 on RanaWaqas.local with PID 38529 (/Users/ranawaqas/Downloads/fetch-java-elastic/target/classes started by ranawaqas in /Users/ranawaqas/Downloads/fetch-java-elastic)
2022-06-11 12:09:52,433 INFO org.springframework.boot.SpringApplication [main] No active profile set, falling back to 1 default profile: "default"
2022-06-11 12:09:53,126 INFO org.springframework.data.repository.config.RepositoryConfigurationDelegate [main] Bootstrapping Spring Data Elasticsearch repositories in DEFAULT mode.
2022-06-11 12:09:53,194 INFO org.springframework.data.repository.config.RepositoryConfigurationDelegate [main] Finished Spring Data repository scanning in 62 ms. Found 1 Elasticsearch repository interfaces.
2022-06-11 12:09:53,199 INFO org.springframework.data.repository.config.RepositoryConfigurationDelegate [main] Bootstrapping Spring Data Reactive Elasticsearch repositories in DEFAULT mode.
2022-06-11 12:09:53,202 INFO org.springframework.data.repository.config.RepositoryConfigurationDelegate [main] Finished Spring Data repository scanning in 2 ms. Found 0 Reactive Elasticsearch repository interfaces.
2022-06-11 12:09:53,670 INFO org.springframework.boot.web.embedded.tomcat.TomcatWebServer [main] Tomcat initialized with port(s): 6666 (http)
2022-06-11 12:09:53,681 INFO org.apache.juli.logging.DirectJDKLog [main] Initializing ProtocolHandler ["http-nio-6666"]
2022-06-11 12:09:53,682 INFO org.apache.juli.logging.DirectJDKLog [main] Starting service [Tomcat]
2022-06-11 12:09:53,683 INFO org.apache.juli.logging.DirectJDKLog [main] Starting Servlet engine: [Apache Tomcat/9.0.63]
2022-06-11 12:09:53,807 INFO org.apache.juli.logging.DirectJDKLog [main] Initializing Spring embedded WebApplicationContext
2022-06-11 12:09:53,807 INFO org.springframework.boot.web.servlet.context.ServletWebServerApplicationContext [main] Root WebApplicationContext: initialization completed in 1328 ms
2022-06-11 12:09:55,217 INFO org.apache.juli.logging.DirectJDKLog [main] Starting ProtocolHandler ["http-nio-6666"]
2022-06-11 12:09:55,229 INFO org.springframework.boot.web.embedded.tomcat.TomcatWebServer [main] Tomcat started on port(s): 6666 (http) with context path '/elastic'
2022-06-11 12:09:55,241 INFO org.springframework.boot.StartupInfoLogger [main] Started FetchApplication in 3.337 seconds (JVM running for 9.275)
2022-06-11 12:15:49,096 INFO org.apache.juli.logging.DirectJDKLog [http-nio-6666-exec-1] Initializing Spring DispatcherServlet 'dispatcherServlet'
2022-06-11 12:15:49,098 INFO org.springframework.web.servlet.FrameworkServlet [http-nio-6666-exec-1] Initializing Servlet 'dispatcherServlet'
2022-06-11 12:15:49,102 INFO org.springframework.web.servlet.FrameworkServlet [http-nio-6666-exec-1] Completed initialization in 3 ms
2022-06-11 12:15:59,201 INFO com.elastic.fetch.service.ApplicationService [http-nio-6666-exec-1] size...>1
2022-06-11 12:15:59,201 INFO com.elastic.fetch.service.ApplicationService [http-nio-6666-exec-2] size...>1
2022-06-11 12:16:06,087 INFO com.elastic.fetch.service.ApplicationService [http-nio-6666-exec-3] size...>1
2022-06-11 12:23:06,723 WARN org.springframework.web.servlet.handler.AbstractHandlerExceptionResolver [http-nio-6666-exec-7] Resolved [org.springframework.web.HttpRequestMethodNotSupportedException: Request method 'GET' not supported]
2022-06-11 12:23:07,052 WARN org.springframework.web.servlet.handler.AbstractHandlerExceptionResolver [http-nio-6666-exec-9] Resolved [org.springframework.web.HttpRequestMethodNotSupportedException: Request method 'GET' not supported]
2022-06-11 12:23:07,384 WARN org.springframework.web.servlet.handler.AbstractHandlerExceptionResolver [http-nio-6666-exec-2] Resolved [org.springframework.web.HttpRequestMethodNotSupportedException: Request method 'GET' not supported]
2022-06-11 12:23:33,198 WARN org.springframework.web.servlet.handler.AbstractHandlerExceptionResolver [http-nio-6666-exec-1] Resolved [org.springframework.web.HttpMediaTypeNotSupportedException: Content type 'application/x-www-form-urlencoded;charset=UTF-8' not supported]
2022-06-11 12:23:33,488 WARN org.springframework.web.servlet.handler.AbstractHandlerExceptionResolver [http-nio-6666-exec-6] Resolved [org.springframework.web.HttpMediaTypeNotSupportedException: Content type 'application/x-www-form-urlencoded;charset=UTF-8' not supported]
2022-06-11 12:23:33,824 WARN org.springframework.web.servlet.handler.AbstractHandlerExceptionResolver [http-nio-6666-exec-7] Resolved [org.springframework.web.HttpMediaTypeNotSupportedException: Content type 'application/x-www-form-urlencoded;charset=UTF-8' not supported]
2022-06-11 13:15:32,732 INFO org.springframework.boot.StartupInfoLogger [main] Starting FetchApplication using Java 11.0.15.1 on RanaWaqas.local with PID 39494 (/Users/ranawaqas/Downloads/fetch-java-elastic/target/classes started by ranawaqas in /Users/ranawaqas/Downloads/fetch-java-elastic)
2022-06-11 13:15:32,738 INFO org.springframework.boot.SpringApplication [main] No active profile set, falling back to 1 default profile: "default"
2022-06-11 13:15:33,287 INFO org.springframework.data.repository.config.RepositoryConfigurationDelegate [main] Bootstrapping Spring Data Elasticsearch repositories in DEFAULT mode.
2022-06-11 13:15:33,326 INFO org.springframework.data.repository.config.RepositoryConfigurationDelegate [main] Finished Spring Data repository scanning in 35 ms. Found 1 Elasticsearch repository interfaces.
2022-06-11 13:15:33,331 INFO org.springframework.data.repository.config.RepositoryConfigurationDelegate [main] Bootstrapping Spring Data Reactive Elasticsearch repositories in DEFAULT mode.
2022-06-11 13:15:33,334 INFO org.springframework.data.repository.config.RepositoryConfigurationDelegate [main] Finished Spring Data repository scanning in 2 ms. Found 0 Reactive Elasticsearch repository interfaces.
2022-06-11 13:15:33,750 INFO org.springframework.boot.web.embedded.tomcat.TomcatWebServer [main] Tomcat initialized with port(s): 6666 (http)
2022-06-11 13:15:33,758 INFO org.apache.juli.logging.DirectJDKLog [main] Initializing ProtocolHandler ["http-nio-6666"]
2022-06-11 13:15:33,758 INFO org.apache.juli.logging.DirectJDKLog [main] Starting service [Tomcat]
2022-06-11 13:15:33,759 INFO org.apache.juli.logging.DirectJDKLog [main] Starting Servlet engine: [Apache Tomcat/9.0.63]
2022-06-11 13:15:33,881 INFO org.apache.juli.logging.DirectJDKLog [main] Initializing Spring embedded WebApplicationContext
2022-06-11 13:15:33,881 INFO org.springframework.boot.web.servlet.context.ServletWebServerApplicationContext [main] Root WebApplicationContext: initialization completed in 1101 ms
2022-06-11 13:15:35,140 INFO org.apache.juli.logging.DirectJDKLog [main] Starting ProtocolHandler ["http-nio-6666"]
2022-06-11 13:15:35,154 INFO org.springframework.boot.web.embedded.tomcat.TomcatWebServer [main] Tomcat started on port(s): 6666 (http) with context path '/elastic'
2022-06-11 13:15:35,169 INFO org.springframework.boot.StartupInfoLogger [main] Started FetchApplication in 2.903 seconds (JVM running for 10.214)
2022-06-11 13:22:57,616 INFO org.springframework.boot.StartupInfoLogger [main] Starting FetchApplication using Java 11.0.15.1 on RanaWaqas.local with PID 39595 (/Users/ranawaqas/Downloads/fetch-java-elastic/target/classes started by ranawaqas in /Users/ranawaqas/Downloads/fetch-java-elastic)
2022-06-11 13:22:57,619 INFO org.springframework.boot.SpringApplication [main] No active profile set, falling back to 1 default profile: "default"
2022-06-11 13:22:58,113 INFO org.springframework.data.repository.config.RepositoryConfigurationDelegate [main] Bootstrapping Spring Data Elasticsearch repositories in DEFAULT mode.
2022-06-11 13:22:58,151 INFO org.springframework.data.repository.config.RepositoryConfigurationDelegate [main] Finished Spring Data repository scanning in 33 ms. Found 1 Elasticsearch repository interfaces.
2022-06-11 13:22:58,156 INFO org.springframework.data.repository.config.RepositoryConfigurationDelegate [main] Bootstrapping Spring Data Reactive Elasticsearch repositories in DEFAULT mode.
2022-06-11 13:22:58,160 INFO org.springframework.data.repository.config.RepositoryConfigurationDelegate [main] Finished Spring Data repository scanning in 2 ms. Found 0 Reactive Elasticsearch repository interfaces.
2022-06-11 13:22:58,556 INFO org.springframework.boot.web.embedded.tomcat.TomcatWebServer [main] Tomcat initialized with port(s): 6666 (http)
2022-06-11 13:22:58,564 INFO org.apache.juli.logging.DirectJDKLog [main] Initializing ProtocolHandler ["http-nio-6666"]
2022-06-11 13:22:58,565 INFO org.apache.juli.logging.DirectJDKLog [main] Starting service [Tomcat]
2022-06-11 13:22:58,565 INFO org.apache.juli.logging.DirectJDKLog [main] Starting Servlet engine: [Apache Tomcat/9.0.63]
2022-06-11 13:22:58,679 INFO org.apache.juli.logging.DirectJDKLog [main] Initializing Spring embedded WebApplicationContext
2022-06-11 13:22:58,680 INFO org.springframework.boot.web.servlet.context.ServletWebServerApplicationContext [main] Root WebApplicationContext: initialization completed in 1023 ms
2022-06-11 13:22:59,715 INFO org.apache.juli.logging.DirectJDKLog [main] Starting ProtocolHandler ["http-nio-6666"]
2022-06-11 13:22:59,726 INFO org.springframework.boot.web.embedded.tomcat.TomcatWebServer [main] Tomcat started on port(s): 6666 (http) with context path '/elastic'
2022-06-11 13:22:59,738 INFO org.springframework.boot.StartupInfoLogger [main] Started FetchApplication in 2.539 seconds (JVM running for 10.916)
2022-06-11 13:23:23,291 INFO org.apache.juli.logging.DirectJDKLog [http-nio-6666-exec-1] Initializing Spring DispatcherServlet 'dispatcherServlet'
2022-06-11 13:23:23,292 INFO org.springframework.web.servlet.FrameworkServlet [http-nio-6666-exec-1] Initializing Servlet 'dispatcherServlet'
2022-06-11 13:23:23,294 INFO org.springframework.web.servlet.FrameworkServlet [http-nio-6666-exec-1] Completed initialization in 1 ms
2022-06-11 13:23:23,620 INFO com.elastic.fetch.service.ProductService [http-nio-6666-exec-1]  searchProductByCriteria .. result size...>1
2022-06-11 13:23:23,620 INFO com.elastic.fetch.service.ProductService [http-nio-6666-exec-2]  searchProductByCriteria .. result size...>1
2022-06-11 13:23:23,899 INFO com.elastic.fetch.service.ProductService [http-nio-6666-exec-3]  searchProductByCriteria .. result size...>1
2022-06-11 20:25:21,467 INFO org.springframework.boot.StartupInfoLogger [main] Starting FetchApplication using Java 11.0.15.1 on RanaWaqas.local with PID 41601 (/Users/ranawaqas/Downloads/fetch-java-elastic/target/classes started by ranawaqas in /Users/ranawaqas/Downloads/fetch-java-elastic)
2022-06-11 20:25:21,471 INFO org.springframework.boot.SpringApplication [main] No active profile set, falling back to 1 default profile: "default"
2022-06-11 20:25:21,997 INFO org.springframework.data.repository.config.RepositoryConfigurationDelegate [main] Bootstrapping Spring Data Elasticsearch repositories in DEFAULT mode.
2022-06-11 20:25:22,007 INFO org.springframework.data.repository.config.RepositoryConfigurationDelegate [main] Finished Spring Data repository scanning in 5 ms. Found 0 Elasticsearch repository interfaces.
2022-06-11 20:25:22,012 INFO org.springframework.data.repository.config.RepositoryConfigurationDelegate [main] Bootstrapping Spring Data Reactive Elasticsearch repositories in DEFAULT mode.
2022-06-11 20:25:22,014 INFO org.springframework.data.repository.config.RepositoryConfigurationDelegate [main] Finished Spring Data repository scanning in 2 ms. Found 0 Reactive Elasticsearch repository interfaces.
2022-06-11 20:25:22,357 INFO org.springframework.boot.web.embedded.tomcat.TomcatWebServer [main] Tomcat initialized with port(s): 6666 (http)
2022-06-11 20:25:22,364 INFO org.apache.juli.logging.DirectJDKLog [main] Initializing ProtocolHandler ["http-nio-6666"]
2022-06-11 20:25:22,365 INFO org.apache.juli.logging.DirectJDKLog [main] Starting service [Tomcat]
2022-06-11 20:25:22,365 INFO org.apache.juli.logging.DirectJDKLog [main] Starting Servlet engine: [Apache Tomcat/9.0.63]
2022-06-11 20:25:22,450 INFO org.apache.juli.logging.DirectJDKLog [main] Initializing Spring embedded WebApplicationContext
2022-06-11 20:25:22,451 INFO org.springframework.boot.web.servlet.context.ServletWebServerApplicationContext [main] Root WebApplicationContext: initialization completed in 935 ms
2022-06-11 20:25:23,274 INFO org.apache.juli.logging.DirectJDKLog [main] Starting ProtocolHandler ["http-nio-6666"]
2022-06-11 20:25:23,288 INFO org.springframework.boot.web.embedded.tomcat.TomcatWebServer [main] Tomcat started on port(s): 6666 (http) with context path '/elastic'
2022-06-11 20:25:23,301 INFO org.springframework.boot.StartupInfoLogger [main] Started FetchApplication in 2.268 seconds (JVM running for 13.69)
