2022-06-08 22:07:50,269 INFO org.springframework.boot.StartupInfoLogger [main] Starting FetchApplication using Java 11.0.15.1 on RanaWaqas.local with PID 24800 (/Users/ranawaqas/Downloads/fetch-java-elastic/target/classes started by ranawaqas in /Users/ranawaqas/Downloads/fetch-java-elastic)
2022-06-08 22:07:50,275 INFO org.springframework.boot.SpringApplication [main] No active profile set, falling back to 1 default profile: "default"
2022-06-08 22:07:50,968 INFO org.springframework.data.repository.config.RepositoryConfigurationDelegate [main] Bootstrapping Spring Data Elasticsearch repositories in DEFAULT mode.
2022-06-08 22:07:51,017 INFO org.springframework.data.repository.config.RepositoryConfigurationDelegate [main] Finished Spring Data repository scanning in 46 ms. Found 1 Elasticsearch repository interfaces.
2022-06-08 22:07:51,023 INFO org.springframework.data.repository.config.RepositoryConfigurationDelegate [main] Bootstrapping Spring Data Reactive Elasticsearch repositories in DEFAULT mode.
2022-06-08 22:07:51,027 INFO org.springframework.data.repository.config.RepositoryConfigurationDelegate [main] Finished Spring Data repository scanning in 3 ms. Found 0 Reactive Elasticsearch repository interfaces.
2022-06-08 22:07:51,484 INFO org.springframework.boot.web.embedded.tomcat.TomcatWebServer [main] Tomcat initialized with port(s): 6666 (http)
2022-06-08 22:07:51,492 INFO org.apache.juli.logging.DirectJDKLog [main] Initializing ProtocolHandler ["http-nio-6666"]
2022-06-08 22:07:51,493 INFO org.apache.juli.logging.DirectJDKLog [main] Starting service [Tomcat]
2022-06-08 22:07:51,493 INFO org.apache.juli.logging.DirectJDKLog [main] Starting Servlet engine: [Apache Tomcat/9.0.63]
2022-06-08 22:07:51,617 INFO org.apache.juli.logging.DirectJDKLog [main] Initializing Spring embedded WebApplicationContext
2022-06-08 22:07:51,617 INFO org.springframework.boot.web.servlet.context.ServletWebServerApplicationContext [main] Root WebApplicationContext: initialization completed in 1277 ms
2022-06-08 22:07:53,024 INFO org.apache.juli.logging.DirectJDKLog [main] Starting ProtocolHandler ["http-nio-6666"]
2022-06-08 22:07:53,036 INFO org.springframework.boot.web.embedded.tomcat.TomcatWebServer [main] Tomcat started on port(s): 6666 (http) with context path '/elastic'
2022-06-08 22:07:53,050 INFO org.springframework.boot.StartupInfoLogger [main] Started FetchApplication in 4.14 seconds (JVM running for 11.24)
2022-06-08 22:19:56,245 INFO org.springframework.boot.StartupInfoLogger [main] Starting FetchApplication using Java 11.0.15.1 on RanaWaqas.local with PID 25027 (/Users/ranawaqas/Downloads/fetch-java-elastic/target/classes started by ranawaqas in /Users/ranawaqas/Downloads/fetch-java-elastic)
2022-06-08 22:19:56,248 INFO org.springframework.boot.SpringApplication [main] No active profile set, falling back to 1 default profile: "default"
2022-06-08 22:19:56,794 INFO org.springframework.data.repository.config.RepositoryConfigurationDelegate [main] Bootstrapping Spring Data Elasticsearch repositories in DEFAULT mode.
2022-06-08 22:19:56,834 INFO org.springframework.data.repository.config.RepositoryConfigurationDelegate [main] Finished Spring Data repository scanning in 35 ms. Found 1 Elasticsearch repository interfaces.
2022-06-08 22:19:56,840 INFO org.springframework.data.repository.config.RepositoryConfigurationDelegate [main] Bootstrapping Spring Data Reactive Elasticsearch repositories in DEFAULT mode.
2022-06-08 22:19:56,844 INFO org.springframework.data.repository.config.RepositoryConfigurationDelegate [main] Finished Spring Data repository scanning in 3 ms. Found 0 Reactive Elasticsearch repository interfaces.
2022-06-08 22:19:57,239 INFO org.springframework.boot.web.embedded.tomcat.TomcatWebServer [main] Tomcat initialized with port(s): 6666 (http)
2022-06-08 22:19:57,247 INFO org.apache.juli.logging.DirectJDKLog [main] Initializing ProtocolHandler ["http-nio-6666"]
2022-06-08 22:19:57,248 INFO org.apache.juli.logging.DirectJDKLog [main] Starting service [Tomcat]
2022-06-08 22:19:57,248 INFO org.apache.juli.logging.DirectJDKLog [main] Starting Servlet engine: [Apache Tomcat/9.0.63]
2022-06-08 22:19:57,353 INFO org.apache.juli.logging.DirectJDKLog [main] Initializing Spring embedded WebApplicationContext
2022-06-08 22:19:57,354 INFO org.springframework.boot.web.servlet.context.ServletWebServerApplicationContext [main] Root WebApplicationContext: initialization completed in 1063 ms
2022-06-08 22:19:58,388 INFO org.apache.juli.logging.DirectJDKLog [main] Starting ProtocolHandler ["http-nio-6666"]
2022-06-08 22:19:58,398 INFO org.springframework.boot.web.embedded.tomcat.TomcatWebServer [main] Tomcat started on port(s): 6666 (http) with context path '/elastic'
2022-06-08 22:19:58,411 INFO org.springframework.boot.StartupInfoLogger [main] Started FetchApplication in 2.627 seconds (JVM running for 14.878)
2022-06-08 22:21:38,043 INFO org.apache.juli.logging.DirectJDKLog [http-nio-6666-exec-1] Initializing Spring DispatcherServlet 'dispatcherServlet'
2022-06-08 22:21:38,047 INFO org.springframework.web.servlet.FrameworkServlet [http-nio-6666-exec-1] Initializing Servlet 'dispatcherServlet'
2022-06-08 22:21:38,049 INFO org.springframework.web.servlet.FrameworkServlet [http-nio-6666-exec-1] Completed initialization in 2 ms
2022-06-08 22:21:38,553 INFO com.elastic.fetch.service.ApplicationService [http-nio-6666-exec-1] size...>1
2022-06-08 22:21:42,203 ERROR org.apache.juli.logging.DirectJDKLog [http-nio-6666-exec-1] Servlet.service() for servlet [dispatcherServlet] in context with path [/elastic] threw exception [Request processing failed; nested exception is java.lang.NullPointerException] with root cause
java.lang.NullPointerException: null
	at com.elastic.fetch.service.ApplicationService.createQueueAndApplication(ApplicationService.java:60)
	at com.elastic.fetch.controller.ApplicationLockController.createApplication(ApplicationLockController.java:41)
	at java.base/jdk.internal.reflect.NativeMethodAccessorImpl.invoke0(Native Method)
	at java.base/jdk.internal.reflect.NativeMethodAccessorImpl.invoke(NativeMethodAccessorImpl.java:62)
	at java.base/jdk.internal.reflect.DelegatingMethodAccessorImpl.invoke(DelegatingMethodAccessorImpl.java:43)
	at java.base/java.lang.reflect.Method.invoke(Method.java:566)
	at org.springframework.web.method.support.InvocableHandlerMethod.doInvoke(InvocableHandlerMethod.java:205)
	at org.springframework.web.method.support.InvocableHandlerMethod.invokeForRequest(InvocableHandlerMethod.java:150)
	at org.springframework.web.servlet.mvc.method.annotation.ServletInvocableHandlerMethod.invokeAndHandle(ServletInvocableHandlerMethod.java:117)
	at org.springframework.web.servlet.mvc.method.annotation.RequestMappingHandlerAdapter.invokeHandlerMethod(RequestMappingHandlerAdapter.java:895)
	at org.springframework.web.servlet.mvc.method.annotation.RequestMappingHandlerAdapter.handleInternal(RequestMappingHandlerAdapter.java:808)
	at org.springframework.web.servlet.mvc.method.AbstractHandlerMethodAdapter.handle(AbstractHandlerMethodAdapter.java:87)
	at org.springframework.web.servlet.DispatcherServlet.doDispatch(DispatcherServlet.java:1067)
	at org.springframework.web.servlet.DispatcherServlet.doService(DispatcherServlet.java:963)
	at org.springframework.web.servlet.FrameworkServlet.processRequest(FrameworkServlet.java:1006)
	at org.springframework.web.servlet.FrameworkServlet.doPost(FrameworkServlet.java:909)
	at javax.servlet.http.HttpServlet.service(HttpServlet.java:681)
	at org.springframework.web.servlet.FrameworkServlet.service(FrameworkServlet.java:883)
	at javax.servlet.http.HttpServlet.service(HttpServlet.java:764)
	at org.apache.catalina.core.ApplicationFilterChain.internalDoFilter(ApplicationFilterChain.java:227)
	at org.apache.catalina.core.ApplicationFilterChain.doFilter(ApplicationFilterChain.java:162)
	at org.apache.tomcat.websocket.server.WsFilter.doFilter(WsFilter.java:53)
	at org.apache.catalina.core.ApplicationFilterChain.internalDoFilter(ApplicationFilterChain.java:189)
	at org.apache.catalina.core.ApplicationFilterChain.doFilter(ApplicationFilterChain.java:162)
	at org.springframework.web.filter.RequestContextFilter.doFilterInternal(RequestContextFilter.java:100)
	at org.springframework.web.filter.OncePerRequestFilter.doFilter(OncePerRequestFilter.java:117)
	at org.apache.catalina.core.ApplicationFilterChain.internalDoFilter(ApplicationFilterChain.java:189)
	at org.apache.catalina.core.ApplicationFilterChain.doFilter(ApplicationFilterChain.java:162)
	at org.springframework.web.filter.FormContentFilter.doFilterInternal(FormContentFilter.java:93)
	at org.springframework.web.filter.OncePerRequestFilter.doFilter(OncePerRequestFilter.java:117)
	at org.apache.catalina.core.ApplicationFilterChain.internalDoFilter(ApplicationFilterChain.java:189)
	at org.apache.catalina.core.ApplicationFilterChain.doFilter(ApplicationFilterChain.java:162)
	at org.springframework.web.filter.CharacterEncodingFilter.doFilterInternal(CharacterEncodingFilter.java:201)
	at org.springframework.web.filter.OncePerRequestFilter.doFilter(OncePerRequestFilter.java:117)
	at org.apache.catalina.core.ApplicationFilterChain.internalDoFilter(ApplicationFilterChain.java:189)
	at org.apache.catalina.core.ApplicationFilterChain.doFilter(ApplicationFilterChain.java:162)
	at org.apache.catalina.core.StandardWrapperValve.invoke(StandardWrapperValve.java:197)
	at org.apache.catalina.core.StandardContextValve.invoke(StandardContextValve.java:97)
	at org.apache.catalina.authenticator.AuthenticatorBase.invoke(AuthenticatorBase.java:541)
	at org.apache.catalina.core.StandardHostValve.invoke(StandardHostValve.java:135)
	at org.apache.catalina.valves.ErrorReportValve.invoke(ErrorReportValve.java:92)
	at org.apache.catalina.core.StandardEngineValve.invoke(StandardEngineValve.java:78)
	at org.apache.catalina.connector.CoyoteAdapter.service(CoyoteAdapter.java:360)
	at org.apache.coyote.http11.Http11Processor.service(Http11Processor.java:399)
	at org.apache.coyote.AbstractProcessorLight.process(AbstractProcessorLight.java:65)
	at org.apache.coyote.AbstractProtocol$ConnectionHandler.process(AbstractProtocol.java:890)
	at org.apache.tomcat.util.net.NioEndpoint$SocketProcessor.doRun(NioEndpoint.java:1743)
	at org.apache.tomcat.util.net.SocketProcessorBase.run(SocketProcessorBase.java:49)
	at org.apache.tomcat.util.threads.ThreadPoolExecutor.runWorker(ThreadPoolExecutor.java:1191)
	at org.apache.tomcat.util.threads.ThreadPoolExecutor$Worker.run(ThreadPoolExecutor.java:659)
	at org.apache.tomcat.util.threads.TaskThread$WrappingRunnable.run(TaskThread.java:61)
	at java.base/java.lang.Thread.run(Thread.java:834)
2022-06-08 22:22:14,762 INFO com.elastic.fetch.service.ApplicationService [http-nio-6666-exec-2] size...>1
2022-06-08 22:24:09,509 ERROR org.apache.juli.logging.DirectJDKLog [http-nio-6666-exec-2] Servlet.service() for servlet [dispatcherServlet] in context with path [/elastic] threw exception [Request processing failed; nested exception is java.lang.NullPointerException] with root cause
java.lang.NullPointerException: null
	at com.elastic.fetch.service.ApplicationService.createQueueAndApplication(ApplicationService.java:60)
	at com.elastic.fetch.controller.ApplicationLockController.createApplication(ApplicationLockController.java:41)
	at java.base/jdk.internal.reflect.NativeMethodAccessorImpl.invoke0(Native Method)
	at java.base/jdk.internal.reflect.NativeMethodAccessorImpl.invoke(NativeMethodAccessorImpl.java:62)
	at java.base/jdk.internal.reflect.DelegatingMethodAccessorImpl.invoke(DelegatingMethodAccessorImpl.java:43)
	at java.base/java.lang.reflect.Method.invoke(Method.java:566)
	at org.springframework.web.method.support.InvocableHandlerMethod.doInvoke(InvocableHandlerMethod.java:205)
	at org.springframework.web.method.support.InvocableHandlerMethod.invokeForRequest(InvocableHandlerMethod.java:150)
	at org.springframework.web.servlet.mvc.method.annotation.ServletInvocableHandlerMethod.invokeAndHandle(ServletInvocableHandlerMethod.java:117)
	at org.springframework.web.servlet.mvc.method.annotation.RequestMappingHandlerAdapter.invokeHandlerMethod(RequestMappingHandlerAdapter.java:895)
	at org.springframework.web.servlet.mvc.method.annotation.RequestMappingHandlerAdapter.handleInternal(RequestMappingHandlerAdapter.java:808)
	at org.springframework.web.servlet.mvc.method.AbstractHandlerMethodAdapter.handle(AbstractHandlerMethodAdapter.java:87)
	at org.springframework.web.servlet.DispatcherServlet.doDispatch(DispatcherServlet.java:1067)
	at org.springframework.web.servlet.DispatcherServlet.doService(DispatcherServlet.java:963)
	at org.springframework.web.servlet.FrameworkServlet.processRequest(FrameworkServlet.java:1006)
	at org.springframework.web.servlet.FrameworkServlet.doPost(FrameworkServlet.java:909)
	at javax.servlet.http.HttpServlet.service(HttpServlet.java:681)
	at org.springframework.web.servlet.FrameworkServlet.service(FrameworkServlet.java:883)
	at javax.servlet.http.HttpServlet.service(HttpServlet.java:764)
	at org.apache.catalina.core.ApplicationFilterChain.internalDoFilter(ApplicationFilterChain.java:227)
	at org.apache.catalina.core.ApplicationFilterChain.doFilter(ApplicationFilterChain.java:162)
	at org.apache.tomcat.websocket.server.WsFilter.doFilter(WsFilter.java:53)
	at org.apache.catalina.core.ApplicationFilterChain.internalDoFilter(ApplicationFilterChain.java:189)
	at org.apache.catalina.core.ApplicationFilterChain.doFilter(ApplicationFilterChain.java:162)
	at org.springframework.web.filter.RequestContextFilter.doFilterInternal(RequestContextFilter.java:100)
	at org.springframework.web.filter.OncePerRequestFilter.doFilter(OncePerRequestFilter.java:117)
	at org.apache.catalina.core.ApplicationFilterChain.internalDoFilter(ApplicationFilterChain.java:189)
	at org.apache.catalina.core.ApplicationFilterChain.doFilter(ApplicationFilterChain.java:162)
	at org.springframework.web.filter.FormContentFilter.doFilterInternal(FormContentFilter.java:93)
	at org.springframework.web.filter.OncePerRequestFilter.doFilter(OncePerRequestFilter.java:117)
	at org.apache.catalina.core.ApplicationFilterChain.internalDoFilter(ApplicationFilterChain.java:189)
	at org.apache.catalina.core.ApplicationFilterChain.doFilter(ApplicationFilterChain.java:162)
	at org.springframework.web.filter.CharacterEncodingFilter.doFilterInternal(CharacterEncodingFilter.java:201)
	at org.springframework.web.filter.OncePerRequestFilter.doFilter(OncePerRequestFilter.java:117)
	at org.apache.catalina.core.ApplicationFilterChain.internalDoFilter(ApplicationFilterChain.java:189)
	at org.apache.catalina.core.ApplicationFilterChain.doFilter(ApplicationFilterChain.java:162)
	at org.apache.catalina.core.StandardWrapperValve.invoke(StandardWrapperValve.java:197)
	at org.apache.catalina.core.StandardContextValve.invoke(StandardContextValve.java:97)
	at org.apache.catalina.authenticator.AuthenticatorBase.invoke(AuthenticatorBase.java:541)
	at org.apache.catalina.core.StandardHostValve.invoke(StandardHostValve.java:135)
	at org.apache.catalina.valves.ErrorReportValve.invoke(ErrorReportValve.java:92)
	at org.apache.catalina.core.StandardEngineValve.invoke(StandardEngineValve.java:78)
	at org.apache.catalina.connector.CoyoteAdapter.service(CoyoteAdapter.java:360)
	at org.apache.coyote.http11.Http11Processor.service(Http11Processor.java:399)
	at org.apache.coyote.AbstractProcessorLight.process(AbstractProcessorLight.java:65)
	at org.apache.coyote.AbstractProtocol$ConnectionHandler.process(AbstractProtocol.java:890)
	at org.apache.tomcat.util.net.NioEndpoint$SocketProcessor.doRun(NioEndpoint.java:1743)
	at org.apache.tomcat.util.net.SocketProcessorBase.run(SocketProcessorBase.java:49)
	at org.apache.tomcat.util.threads.ThreadPoolExecutor.runWorker(ThreadPoolExecutor.java:1191)
	at org.apache.tomcat.util.threads.ThreadPoolExecutor$Worker.run(ThreadPoolExecutor.java:659)
	at org.apache.tomcat.util.threads.TaskThread$WrappingRunnable.run(TaskThread.java:61)
	at java.base/java.lang.Thread.run(Thread.java:834)
2022-06-08 22:24:26,817 INFO com.elastic.fetch.service.ApplicationService [http-nio-6666-exec-3] size...>1
2022-06-08 22:26:59,504 ERROR org.apache.juli.logging.DirectJDKLog [http-nio-6666-exec-3] Servlet.service() for servlet [dispatcherServlet] in context with path [/elastic] threw exception [Request processing failed; nested exception is java.lang.NullPointerException] with root cause
java.lang.NullPointerException: null
	at com.elastic.fetch.service.ApplicationService.createQueueAndApplication(ApplicationService.java:60)
	at com.elastic.fetch.controller.ApplicationLockController.createApplication(ApplicationLockController.java:41)
	at java.base/jdk.internal.reflect.NativeMethodAccessorImpl.invoke0(Native Method)
	at java.base/jdk.internal.reflect.NativeMethodAccessorImpl.invoke(NativeMethodAccessorImpl.java:62)
	at java.base/jdk.internal.reflect.DelegatingMethodAccessorImpl.invoke(DelegatingMethodAccessorImpl.java:43)
	at java.base/java.lang.reflect.Method.invoke(Method.java:566)
	at org.springframework.web.method.support.InvocableHandlerMethod.doInvoke(InvocableHandlerMethod.java:205)
	at org.springframework.web.method.support.InvocableHandlerMethod.invokeForRequest(InvocableHandlerMethod.java:150)
	at org.springframework.web.servlet.mvc.method.annotation.ServletInvocableHandlerMethod.invokeAndHandle(ServletInvocableHandlerMethod.java:117)
	at org.springframework.web.servlet.mvc.method.annotation.RequestMappingHandlerAdapter.invokeHandlerMethod(RequestMappingHandlerAdapter.java:895)
	at org.springframework.web.servlet.mvc.method.annotation.RequestMappingHandlerAdapter.handleInternal(RequestMappingHandlerAdapter.java:808)
	at org.springframework.web.servlet.mvc.method.AbstractHandlerMethodAdapter.handle(AbstractHandlerMethodAdapter.java:87)
	at org.springframework.web.servlet.DispatcherServlet.doDispatch(DispatcherServlet.java:1067)
	at org.springframework.web.servlet.DispatcherServlet.doService(DispatcherServlet.java:963)
	at org.springframework.web.servlet.FrameworkServlet.processRequest(FrameworkServlet.java:1006)
	at org.springframework.web.servlet.FrameworkServlet.doPost(FrameworkServlet.java:909)
	at javax.servlet.http.HttpServlet.service(HttpServlet.java:681)
	at org.springframework.web.servlet.FrameworkServlet.service(FrameworkServlet.java:883)
	at javax.servlet.http.HttpServlet.service(HttpServlet.java:764)
	at org.apache.catalina.core.ApplicationFilterChain.internalDoFilter(ApplicationFilterChain.java:227)
	at org.apache.catalina.core.ApplicationFilterChain.doFilter(ApplicationFilterChain.java:162)
	at org.apache.tomcat.websocket.server.WsFilter.doFilter(WsFilter.java:53)
	at org.apache.catalina.core.ApplicationFilterChain.internalDoFilter(ApplicationFilterChain.java:189)
	at org.apache.catalina.core.ApplicationFilterChain.doFilter(ApplicationFilterChain.java:162)
	at org.springframework.web.filter.RequestContextFilter.doFilterInternal(RequestContextFilter.java:100)
	at org.springframework.web.filter.OncePerRequestFilter.doFilter(OncePerRequestFilter.java:117)
	at org.apache.catalina.core.ApplicationFilterChain.internalDoFilter(ApplicationFilterChain.java:189)
	at org.apache.catalina.core.ApplicationFilterChain.doFilter(ApplicationFilterChain.java:162)
	at org.springframework.web.filter.FormContentFilter.doFilterInternal(FormContentFilter.java:93)
	at org.springframework.web.filter.OncePerRequestFilter.doFilter(OncePerRequestFilter.java:117)
	at org.apache.catalina.core.ApplicationFilterChain.internalDoFilter(ApplicationFilterChain.java:189)
	at org.apache.catalina.core.ApplicationFilterChain.doFilter(ApplicationFilterChain.java:162)
	at org.springframework.web.filter.CharacterEncodingFilter.doFilterInternal(CharacterEncodingFilter.java:201)
	at org.springframework.web.filter.OncePerRequestFilter.doFilter(OncePerRequestFilter.java:117)
	at org.apache.catalina.core.ApplicationFilterChain.internalDoFilter(ApplicationFilterChain.java:189)
	at org.apache.catalina.core.ApplicationFilterChain.doFilter(ApplicationFilterChain.java:162)
	at org.apache.catalina.core.StandardWrapperValve.invoke(StandardWrapperValve.java:197)
	at org.apache.catalina.core.StandardContextValve.invoke(StandardContextValve.java:97)
	at org.apache.catalina.authenticator.AuthenticatorBase.invoke(AuthenticatorBase.java:541)
	at org.apache.catalina.core.StandardHostValve.invoke(StandardHostValve.java:135)
	at org.apache.catalina.valves.ErrorReportValve.invoke(ErrorReportValve.java:92)
	at org.apache.catalina.core.StandardEngineValve.invoke(StandardEngineValve.java:78)
	at org.apache.catalina.connector.CoyoteAdapter.service(CoyoteAdapter.java:360)
	at org.apache.coyote.http11.Http11Processor.service(Http11Processor.java:399)
	at org.apache.coyote.AbstractProcessorLight.process(AbstractProcessorLight.java:65)
	at org.apache.coyote.AbstractProtocol$ConnectionHandler.process(AbstractProtocol.java:890)
	at org.apache.tomcat.util.net.NioEndpoint$SocketProcessor.doRun(NioEndpoint.java:1743)
	at org.apache.tomcat.util.net.SocketProcessorBase.run(SocketProcessorBase.java:49)
	at org.apache.tomcat.util.threads.ThreadPoolExecutor.runWorker(ThreadPoolExecutor.java:1191)
	at org.apache.tomcat.util.threads.ThreadPoolExecutor$Worker.run(ThreadPoolExecutor.java:659)
	at org.apache.tomcat.util.threads.TaskThread$WrappingRunnable.run(TaskThread.java:61)
	at java.base/java.lang.Thread.run(Thread.java:834)
2022-06-08 22:28:32,223 INFO org.springframework.boot.StartupInfoLogger [main] Starting FetchApplication using Java 11.0.15.1 on RanaWaqas.local with PID 25144 (/Users/ranawaqas/Downloads/fetch-java-elastic/target/classes started by ranawaqas in /Users/ranawaqas/Downloads/fetch-java-elastic)
2022-06-08 22:28:32,226 INFO org.springframework.boot.SpringApplication [main] No active profile set, falling back to 1 default profile: "default"
2022-06-08 22:28:32,733 INFO org.springframework.data.repository.config.RepositoryConfigurationDelegate [main] Bootstrapping Spring Data Elasticsearch repositories in DEFAULT mode.
2022-06-08 22:28:32,771 INFO org.springframework.data.repository.config.RepositoryConfigurationDelegate [main] Finished Spring Data repository scanning in 33 ms. Found 1 Elasticsearch repository interfaces.
2022-06-08 22:28:32,776 INFO org.springframework.data.repository.config.RepositoryConfigurationDelegate [main] Bootstrapping Spring Data Reactive Elasticsearch repositories in DEFAULT mode.
2022-06-08 22:28:32,779 INFO org.springframework.data.repository.config.RepositoryConfigurationDelegate [main] Finished Spring Data repository scanning in 2 ms. Found 0 Reactive Elasticsearch repository interfaces.
2022-06-08 22:28:33,130 INFO org.springframework.boot.web.embedded.tomcat.TomcatWebServer [main] Tomcat initialized with port(s): 6666 (http)
2022-06-08 22:28:33,137 INFO org.apache.juli.logging.DirectJDKLog [main] Initializing ProtocolHandler ["http-nio-6666"]
2022-06-08 22:28:33,138 INFO org.apache.juli.logging.DirectJDKLog [main] Starting service [Tomcat]
2022-06-08 22:28:33,138 INFO org.apache.juli.logging.DirectJDKLog [main] Starting Servlet engine: [Apache Tomcat/9.0.63]
2022-06-08 22:28:33,236 INFO org.apache.juli.logging.DirectJDKLog [main] Initializing Spring embedded WebApplicationContext
2022-06-08 22:28:33,237 INFO org.springframework.boot.web.servlet.context.ServletWebServerApplicationContext [main] Root WebApplicationContext: initialization completed in 972 ms
2022-06-08 22:28:34,346 INFO org.apache.juli.logging.DirectJDKLog [main] Starting ProtocolHandler ["http-nio-6666"]
2022-06-08 22:28:34,357 INFO org.springframework.boot.web.embedded.tomcat.TomcatWebServer [main] Tomcat started on port(s): 6666 (http) with context path '/elastic'
2022-06-08 22:28:34,369 INFO org.springframework.boot.StartupInfoLogger [main] Started FetchApplication in 2.557 seconds (JVM running for 8.272)
2022-06-08 22:30:05,600 INFO org.apache.juli.logging.DirectJDKLog [http-nio-6666-exec-1] Initializing Spring DispatcherServlet 'dispatcherServlet'
2022-06-08 22:30:05,601 INFO org.springframework.web.servlet.FrameworkServlet [http-nio-6666-exec-1] Initializing Servlet 'dispatcherServlet'
2022-06-08 22:30:05,602 INFO org.springframework.web.servlet.FrameworkServlet [http-nio-6666-exec-1] Completed initialization in 1 ms
2022-06-08 22:30:05,880 INFO com.elastic.fetch.service.ApplicationService [http-nio-6666-exec-1] size...>1
2022-06-08 22:31:26,533 ERROR org.apache.juli.logging.DirectJDKLog [http-nio-6666-exec-1] Servlet.service() for servlet [dispatcherServlet] in context with path [/elastic] threw exception [Request processing failed; nested exception is java.lang.NullPointerException] with root cause
java.lang.NullPointerException: null
	at com.elastic.fetch.service.ApplicationService.createQueueAndApplication(ApplicationService.java:74)
	at com.elastic.fetch.controller.ApplicationLockController.createApplication(ApplicationLockController.java:41)
	at java.base/jdk.internal.reflect.NativeMethodAccessorImpl.invoke0(Native Method)
	at java.base/jdk.internal.reflect.NativeMethodAccessorImpl.invoke(NativeMethodAccessorImpl.java:62)
	at java.base/jdk.internal.reflect.DelegatingMethodAccessorImpl.invoke(DelegatingMethodAccessorImpl.java:43)
	at java.base/java.lang.reflect.Method.invoke(Method.java:566)
	at org.springframework.web.method.support.InvocableHandlerMethod.doInvoke(InvocableHandlerMethod.java:205)
	at org.springframework.web.method.support.InvocableHandlerMethod.invokeForRequest(InvocableHandlerMethod.java:150)
	at org.springframework.web.servlet.mvc.method.annotation.ServletInvocableHandlerMethod.invokeAndHandle(ServletInvocableHandlerMethod.java:117)
	at org.springframework.web.servlet.mvc.method.annotation.RequestMappingHandlerAdapter.invokeHandlerMethod(RequestMappingHandlerAdapter.java:895)
	at org.springframework.web.servlet.mvc.method.annotation.RequestMappingHandlerAdapter.handleInternal(RequestMappingHandlerAdapter.java:808)
	at org.springframework.web.servlet.mvc.method.AbstractHandlerMethodAdapter.handle(AbstractHandlerMethodAdapter.java:87)
	at org.springframework.web.servlet.DispatcherServlet.doDispatch(DispatcherServlet.java:1067)
	at org.springframework.web.servlet.DispatcherServlet.doService(DispatcherServlet.java:963)
	at org.springframework.web.servlet.FrameworkServlet.processRequest(FrameworkServlet.java:1006)
	at org.springframework.web.servlet.FrameworkServlet.doPost(FrameworkServlet.java:909)
	at javax.servlet.http.HttpServlet.service(HttpServlet.java:681)
	at org.springframework.web.servlet.FrameworkServlet.service(FrameworkServlet.java:883)
	at javax.servlet.http.HttpServlet.service(HttpServlet.java:764)
	at org.apache.catalina.core.ApplicationFilterChain.internalDoFilter(ApplicationFilterChain.java:227)
	at org.apache.catalina.core.ApplicationFilterChain.doFilter(ApplicationFilterChain.java:162)
	at org.apache.tomcat.websocket.server.WsFilter.doFilter(WsFilter.java:53)
	at org.apache.catalina.core.ApplicationFilterChain.internalDoFilter(ApplicationFilterChain.java:189)
	at org.apache.catalina.core.ApplicationFilterChain.doFilter(ApplicationFilterChain.java:162)
	at org.springframework.web.filter.RequestContextFilter.doFilterInternal(RequestContextFilter.java:100)
	at org.springframework.web.filter.OncePerRequestFilter.doFilter(OncePerRequestFilter.java:117)
	at org.apache.catalina.core.ApplicationFilterChain.internalDoFilter(ApplicationFilterChain.java:189)
	at org.apache.catalina.core.ApplicationFilterChain.doFilter(ApplicationFilterChain.java:162)
	at org.springframework.web.filter.FormContentFilter.doFilterInternal(FormContentFilter.java:93)
	at org.springframework.web.filter.OncePerRequestFilter.doFilter(OncePerRequestFilter.java:117)
	at org.apache.catalina.core.ApplicationFilterChain.internalDoFilter(ApplicationFilterChain.java:189)
	at org.apache.catalina.core.ApplicationFilterChain.doFilter(ApplicationFilterChain.java:162)
	at org.springframework.web.filter.CharacterEncodingFilter.doFilterInternal(CharacterEncodingFilter.java:201)
	at org.springframework.web.filter.OncePerRequestFilter.doFilter(OncePerRequestFilter.java:117)
	at org.apache.catalina.core.ApplicationFilterChain.internalDoFilter(ApplicationFilterChain.java:189)
	at org.apache.catalina.core.ApplicationFilterChain.doFilter(ApplicationFilterChain.java:162)
	at org.apache.catalina.core.StandardWrapperValve.invoke(StandardWrapperValve.java:197)
	at org.apache.catalina.core.StandardContextValve.invoke(StandardContextValve.java:97)
	at org.apache.catalina.authenticator.AuthenticatorBase.invoke(AuthenticatorBase.java:541)
	at org.apache.catalina.core.StandardHostValve.invoke(StandardHostValve.java:135)
	at org.apache.catalina.valves.ErrorReportValve.invoke(ErrorReportValve.java:92)
	at org.apache.catalina.core.StandardEngineValve.invoke(StandardEngineValve.java:78)
	at org.apache.catalina.connector.CoyoteAdapter.service(CoyoteAdapter.java:360)
	at org.apache.coyote.http11.Http11Processor.service(Http11Processor.java:399)
	at org.apache.coyote.AbstractProcessorLight.process(AbstractProcessorLight.java:65)
	at org.apache.coyote.AbstractProtocol$ConnectionHandler.process(AbstractProtocol.java:890)
	at org.apache.tomcat.util.net.NioEndpoint$SocketProcessor.doRun(NioEndpoint.java:1743)
	at org.apache.tomcat.util.net.SocketProcessorBase.run(SocketProcessorBase.java:49)
	at org.apache.tomcat.util.threads.ThreadPoolExecutor.runWorker(ThreadPoolExecutor.java:1191)
	at org.apache.tomcat.util.threads.ThreadPoolExecutor$Worker.run(ThreadPoolExecutor.java:659)
	at org.apache.tomcat.util.threads.TaskThread$WrappingRunnable.run(TaskThread.java:61)
	at java.base/java.lang.Thread.run(Thread.java:834)
2022-06-08 22:33:51,735 INFO org.springframework.boot.StartupInfoLogger [main] Starting FetchApplication using Java 11.0.15.1 on RanaWaqas.local with PID 25212 (/Users/ranawaqas/Downloads/fetch-java-elastic/target/classes started by ranawaqas in /Users/ranawaqas/Downloads/fetch-java-elastic)
2022-06-08 22:33:51,738 INFO org.springframework.boot.SpringApplication [main] No active profile set, falling back to 1 default profile: "default"
2022-06-08 22:33:52,238 INFO org.springframework.data.repository.config.RepositoryConfigurationDelegate [main] Bootstrapping Spring Data Elasticsearch repositories in DEFAULT mode.
2022-06-08 22:33:52,274 INFO org.springframework.data.repository.config.RepositoryConfigurationDelegate [main] Finished Spring Data repository scanning in 32 ms. Found 1 Elasticsearch repository interfaces.
2022-06-08 22:33:52,280 INFO org.springframework.data.repository.config.RepositoryConfigurationDelegate [main] Bootstrapping Spring Data Reactive Elasticsearch repositories in DEFAULT mode.
2022-06-08 22:33:52,283 INFO org.springframework.data.repository.config.RepositoryConfigurationDelegate [main] Finished Spring Data repository scanning in 2 ms. Found 0 Reactive Elasticsearch repository interfaces.
2022-06-08 22:33:52,638 INFO org.springframework.boot.web.embedded.tomcat.TomcatWebServer [main] Tomcat initialized with port(s): 6666 (http)
2022-06-08 22:33:52,647 INFO org.apache.juli.logging.DirectJDKLog [main] Initializing ProtocolHandler ["http-nio-6666"]
2022-06-08 22:33:52,647 INFO org.apache.juli.logging.DirectJDKLog [main] Starting service [Tomcat]
2022-06-08 22:33:52,648 INFO org.apache.juli.logging.DirectJDKLog [main] Starting Servlet engine: [Apache Tomcat/9.0.63]
2022-06-08 22:33:52,750 INFO org.apache.juli.logging.DirectJDKLog [main] Initializing Spring embedded WebApplicationContext
2022-06-08 22:33:52,751 INFO org.springframework.boot.web.servlet.context.ServletWebServerApplicationContext [main] Root WebApplicationContext: initialization completed in 975 ms
2022-06-08 22:33:53,865 INFO org.apache.juli.logging.DirectJDKLog [main] Starting ProtocolHandler ["http-nio-6666"]
2022-06-08 22:33:53,876 INFO org.springframework.boot.web.embedded.tomcat.TomcatWebServer [main] Tomcat started on port(s): 6666 (http) with context path '/elastic'
2022-06-08 22:33:53,887 INFO org.springframework.boot.StartupInfoLogger [main] Started FetchApplication in 2.565 seconds (JVM running for 13.373)
2022-06-08 22:36:46,565 INFO org.apache.juli.logging.DirectJDKLog [http-nio-6666-exec-1] Initializing Spring DispatcherServlet 'dispatcherServlet'
2022-06-08 22:36:46,567 INFO org.springframework.web.servlet.FrameworkServlet [http-nio-6666-exec-1] Initializing Servlet 'dispatcherServlet'
2022-06-08 22:36:46,570 INFO org.springframework.web.servlet.FrameworkServlet [http-nio-6666-exec-1] Completed initialization in 3 ms
2022-06-08 22:36:46,869 INFO com.elastic.fetch.service.ApplicationService [http-nio-6666-exec-1] size...>1
2022-06-08 22:37:17,505 INFO com.elastic.fetch.service.ApplicationService [http-nio-6666-exec-1] updated....ApplicationResponseDTO(application=Application(id=null, applicationId=312123445, queue=11112, assignee=7800, counter=1), indexId=IyHKL4EBnz0EoJUXX1p-)
2022-06-08 22:40:23,918 INFO org.springframework.boot.StartupInfoLogger [main] Starting FetchApplication using Java 11.0.15.1 on RanaWaqas.local with PID 25281 (/Users/ranawaqas/Downloads/fetch-java-elastic/target/classes started by ranawaqas in /Users/ranawaqas/Downloads/fetch-java-elastic)
2022-06-08 22:40:23,921 INFO org.springframework.boot.SpringApplication [main] No active profile set, falling back to 1 default profile: "default"
2022-06-08 22:40:24,414 INFO org.springframework.data.repository.config.RepositoryConfigurationDelegate [main] Bootstrapping Spring Data Elasticsearch repositories in DEFAULT mode.
2022-06-08 22:40:24,453 INFO org.springframework.data.repository.config.RepositoryConfigurationDelegate [main] Finished Spring Data repository scanning in 34 ms. Found 1 Elasticsearch repository interfaces.
2022-06-08 22:40:24,457 INFO org.springframework.data.repository.config.RepositoryConfigurationDelegate [main] Bootstrapping Spring Data Reactive Elasticsearch repositories in DEFAULT mode.
2022-06-08 22:40:24,460 INFO org.springframework.data.repository.config.RepositoryConfigurationDelegate [main] Finished Spring Data repository scanning in 2 ms. Found 0 Reactive Elasticsearch repository interfaces.
2022-06-08 22:40:24,804 INFO org.springframework.boot.web.embedded.tomcat.TomcatWebServer [main] Tomcat initialized with port(s): 6666 (http)
2022-06-08 22:40:24,812 INFO org.apache.juli.logging.DirectJDKLog [main] Initializing ProtocolHandler ["http-nio-6666"]
2022-06-08 22:40:24,813 INFO org.apache.juli.logging.DirectJDKLog [main] Starting service [Tomcat]
2022-06-08 22:40:24,813 INFO org.apache.juli.logging.DirectJDKLog [main] Starting Servlet engine: [Apache Tomcat/9.0.63]
2022-06-08 22:40:24,910 INFO org.apache.juli.logging.DirectJDKLog [main] Initializing Spring embedded WebApplicationContext
2022-06-08 22:40:24,910 INFO org.springframework.boot.web.servlet.context.ServletWebServerApplicationContext [main] Root WebApplicationContext: initialization completed in 952 ms
2022-06-08 22:40:25,922 INFO org.apache.juli.logging.DirectJDKLog [main] Starting ProtocolHandler ["http-nio-6666"]
2022-06-08 22:40:25,933 INFO org.springframework.boot.web.embedded.tomcat.TomcatWebServer [main] Tomcat started on port(s): 6666 (http) with context path '/elastic'
2022-06-08 22:40:25,946 INFO org.springframework.boot.StartupInfoLogger [main] Started FetchApplication in 2.436 seconds (JVM running for 8.133)
2022-06-08 22:40:44,352 INFO org.apache.juli.logging.DirectJDKLog [http-nio-6666-exec-1] Initializing Spring DispatcherServlet 'dispatcherServlet'
2022-06-08 22:40:44,353 INFO org.springframework.web.servlet.FrameworkServlet [http-nio-6666-exec-1] Initializing Servlet 'dispatcherServlet'
2022-06-08 22:40:44,355 INFO org.springframework.web.servlet.FrameworkServlet [http-nio-6666-exec-1] Completed initialization in 1 ms
2022-06-08 22:40:44,610 INFO com.elastic.fetch.service.ApplicationService [http-nio-6666-exec-1] size...>1
2022-06-08 22:40:49,357 INFO com.elastic.fetch.service.ApplicationService [http-nio-6666-exec-1] updated....ApplicationResponseDTO(application=Application(id=null, applicationId=1111, queue=22222, assignee=290000, counter=1), indexId=QyGcRIEBnz0EoJUXa1ru)
2022-06-08 23:11:36,660 INFO org.springframework.boot.StartupInfoLogger [main] Starting FetchApplication using Java 11.0.15.1 on RanaWaqas.local with PID 25707 (/Users/ranawaqas/Downloads/fetch-java-elastic/target/classes started by ranawaqas in /Users/ranawaqas/Downloads/fetch-java-elastic)
2022-06-08 23:11:36,665 INFO org.springframework.boot.SpringApplication [main] No active profile set, falling back to 1 default profile: "default"
2022-06-08 23:11:37,218 INFO org.springframework.data.repository.config.RepositoryConfigurationDelegate [main] Bootstrapping Spring Data Elasticsearch repositories in DEFAULT mode.
2022-06-08 23:11:37,262 INFO org.springframework.data.repository.config.RepositoryConfigurationDelegate [main] Finished Spring Data repository scanning in 39 ms. Found 1 Elasticsearch repository interfaces.
2022-06-08 23:11:37,269 INFO org.springframework.data.repository.config.RepositoryConfigurationDelegate [main] Bootstrapping Spring Data Reactive Elasticsearch repositories in DEFAULT mode.
2022-06-08 23:11:37,273 INFO org.springframework.data.repository.config.RepositoryConfigurationDelegate [main] Finished Spring Data repository scanning in 3 ms. Found 0 Reactive Elasticsearch repository interfaces.
2022-06-08 23:11:37,729 INFO org.springframework.boot.web.embedded.tomcat.TomcatWebServer [main] Tomcat initialized with port(s): 6666 (http)
2022-06-08 23:11:37,738 INFO org.apache.juli.logging.DirectJDKLog [main] Initializing ProtocolHandler ["http-nio-6666"]
2022-06-08 23:11:37,738 INFO org.apache.juli.logging.DirectJDKLog [main] Starting service [Tomcat]
2022-06-08 23:11:37,738 INFO org.apache.juli.logging.DirectJDKLog [main] Starting Servlet engine: [Apache Tomcat/9.0.63]
2022-06-08 23:11:37,895 INFO org.apache.juli.logging.DirectJDKLog [main] Initializing Spring embedded WebApplicationContext
2022-06-08 23:11:37,896 INFO org.springframework.boot.web.servlet.context.ServletWebServerApplicationContext [main] Root WebApplicationContext: initialization completed in 1192 ms
2022-06-08 23:11:39,157 INFO org.apache.juli.logging.DirectJDKLog [main] Starting ProtocolHandler ["http-nio-6666"]
2022-06-08 23:11:39,170 INFO org.springframework.boot.web.embedded.tomcat.TomcatWebServer [main] Tomcat started on port(s): 6666 (http) with context path '/elastic'
2022-06-08 23:11:39,182 INFO org.springframework.boot.StartupInfoLogger [main] Started FetchApplication in 2.956 seconds (JVM running for 15.926)
2022-06-08 23:11:47,978 INFO org.apache.juli.logging.DirectJDKLog [http-nio-6666-exec-1] Initializing Spring DispatcherServlet 'dispatcherServlet'
2022-06-08 23:11:47,982 INFO org.springframework.web.servlet.FrameworkServlet [http-nio-6666-exec-1] Initializing Servlet 'dispatcherServlet'
2022-06-08 23:11:47,984 INFO org.springframework.web.servlet.FrameworkServlet [http-nio-6666-exec-1] Completed initialization in 1 ms
2022-06-08 23:11:48,264 INFO com.elastic.fetch.service.ApplicationService [http-nio-6666-exec-1] size...>1
2022-06-08 23:12:21,882 INFO com.elastic.fetch.service.ApplicationService [http-nio-6666-exec-1] updated....ApplicationResponseDTO(application=Application(id=null, applicationId=1111, queue=22222, assignee=290000, counter=1), indexId=QyGcRIEBnz0EoJUXa1ru)
2022-06-08 23:15:43,157 INFO org.springframework.boot.StartupInfoLogger [main] Starting FetchApplication using Java 11.0.15.1 on RanaWaqas.local with PID 25770 (/Users/ranawaqas/Downloads/fetch-java-elastic/target/classes started by ranawaqas in /Users/ranawaqas/Downloads/fetch-java-elastic)
2022-06-08 23:15:43,172 INFO org.springframework.boot.SpringApplication [main] No active profile set, falling back to 1 default profile: "default"
2022-06-08 23:15:44,127 INFO org.springframework.data.repository.config.RepositoryConfigurationDelegate [main] Bootstrapping Spring Data Elasticsearch repositories in DEFAULT mode.
2022-06-08 23:15:44,188 INFO org.springframework.data.repository.config.RepositoryConfigurationDelegate [main] Finished Spring Data repository scanning in 52 ms. Found 1 Elasticsearch repository interfaces.
2022-06-08 23:15:44,196 INFO org.springframework.data.repository.config.RepositoryConfigurationDelegate [main] Bootstrapping Spring Data Reactive Elasticsearch repositories in DEFAULT mode.
2022-06-08 23:15:44,200 INFO org.springframework.data.repository.config.RepositoryConfigurationDelegate [main] Finished Spring Data repository scanning in 4 ms. Found 0 Reactive Elasticsearch repository interfaces.
2022-06-08 23:15:44,845 INFO org.springframework.boot.web.embedded.tomcat.TomcatWebServer [main] Tomcat initialized with port(s): 6666 (http)
2022-06-08 23:15:44,860 INFO org.apache.juli.logging.DirectJDKLog [main] Initializing ProtocolHandler ["http-nio-6666"]
2022-06-08 23:15:44,862 INFO org.apache.juli.logging.DirectJDKLog [main] Starting service [Tomcat]
2022-06-08 23:15:44,862 INFO org.apache.juli.logging.DirectJDKLog [main] Starting Servlet engine: [Apache Tomcat/9.0.63]
2022-06-08 23:15:45,040 INFO org.apache.juli.logging.DirectJDKLog [main] Initializing Spring embedded WebApplicationContext
2022-06-08 23:15:45,041 INFO org.springframework.boot.web.servlet.context.ServletWebServerApplicationContext [main] Root WebApplicationContext: initialization completed in 1809 ms
2022-06-08 23:15:46,461 INFO org.apache.juli.logging.DirectJDKLog [main] Starting ProtocolHandler ["http-nio-6666"]
2022-06-08 23:15:46,471 INFO org.springframework.boot.web.embedded.tomcat.TomcatWebServer [main] Tomcat started on port(s): 6666 (http) with context path '/elastic'
2022-06-08 23:15:46,485 INFO org.springframework.boot.StartupInfoLogger [main] Started FetchApplication in 4.002 seconds (JVM running for 12.253)
2022-06-08 23:16:00,873 INFO org.apache.juli.logging.DirectJDKLog [http-nio-6666-exec-1] Initializing Spring DispatcherServlet 'dispatcherServlet'
2022-06-08 23:16:00,874 INFO org.springframework.web.servlet.FrameworkServlet [http-nio-6666-exec-1] Initializing Servlet 'dispatcherServlet'
2022-06-08 23:16:00,876 INFO org.springframework.web.servlet.FrameworkServlet [http-nio-6666-exec-1] Completed initialization in 2 ms
2022-06-08 23:16:01,142 INFO com.elastic.fetch.service.ApplicationService [http-nio-6666-exec-1] size...>1
2022-06-08 23:16:04,977 INFO com.elastic.fetch.service.ApplicationService [http-nio-6666-exec-1] updated....ApplicationResponseDTO(application=Application(id=null, applicationId=10123456, queue=1999999, assignee=290000, counter=1), indexId=SCG8RIEBnz0EoJUXTlp1)
2022-06-08 23:18:49,829 INFO org.springframework.boot.StartupInfoLogger [main] Starting FetchApplication using Java 11.0.15.1 on RanaWaqas.local with PID 25801 (/Users/ranawaqas/Downloads/fetch-java-elastic/target/classes started by ranawaqas in /Users/ranawaqas/Downloads/fetch-java-elastic)
2022-06-08 23:18:49,833 INFO org.springframework.boot.SpringApplication [main] No active profile set, falling back to 1 default profile: "default"
2022-06-08 23:18:50,354 INFO org.springframework.data.repository.config.RepositoryConfigurationDelegate [main] Bootstrapping Spring Data Elasticsearch repositories in DEFAULT mode.
2022-06-08 23:18:50,394 INFO org.springframework.data.repository.config.RepositoryConfigurationDelegate [main] Finished Spring Data repository scanning in 36 ms. Found 1 Elasticsearch repository interfaces.
2022-06-08 23:18:50,399 INFO org.springframework.data.repository.config.RepositoryConfigurationDelegate [main] Bootstrapping Spring Data Reactive Elasticsearch repositories in DEFAULT mode.
2022-06-08 23:18:50,402 INFO org.springframework.data.repository.config.RepositoryConfigurationDelegate [main] Finished Spring Data repository scanning in 2 ms. Found 0 Reactive Elasticsearch repository interfaces.
2022-06-08 23:18:50,765 INFO org.springframework.boot.web.embedded.tomcat.TomcatWebServer [main] Tomcat initialized with port(s): 6666 (http)
2022-06-08 23:18:50,773 INFO org.apache.juli.logging.DirectJDKLog [main] Initializing ProtocolHandler ["http-nio-6666"]
2022-06-08 23:18:50,774 INFO org.apache.juli.logging.DirectJDKLog [main] Starting service [Tomcat]
2022-06-08 23:18:50,774 INFO org.apache.juli.logging.DirectJDKLog [main] Starting Servlet engine: [Apache Tomcat/9.0.63]
2022-06-08 23:18:50,884 INFO org.apache.juli.logging.DirectJDKLog [main] Initializing Spring embedded WebApplicationContext
2022-06-08 23:18:50,885 INFO org.springframework.boot.web.servlet.context.ServletWebServerApplicationContext [main] Root WebApplicationContext: initialization completed in 1012 ms
2022-06-08 23:18:52,010 INFO org.apache.juli.logging.DirectJDKLog [main] Starting ProtocolHandler ["http-nio-6666"]
2022-06-08 23:18:52,021 INFO org.springframework.boot.web.embedded.tomcat.TomcatWebServer [main] Tomcat started on port(s): 6666 (http) with context path '/elastic'
2022-06-08 23:18:52,038 INFO org.springframework.boot.StartupInfoLogger [main] Started FetchApplication in 2.614 seconds (JVM running for 10.749)
2022-06-08 23:19:29,303 INFO org.apache.juli.logging.DirectJDKLog [http-nio-6666-exec-1] Initializing Spring DispatcherServlet 'dispatcherServlet'
2022-06-08 23:19:29,304 INFO org.springframework.web.servlet.FrameworkServlet [http-nio-6666-exec-1] Initializing Servlet 'dispatcherServlet'
2022-06-08 23:19:29,305 INFO org.springframework.web.servlet.FrameworkServlet [http-nio-6666-exec-1] Completed initialization in 1 ms
2022-06-08 23:19:29,525 INFO com.elastic.fetch.service.ApplicationService [http-nio-6666-exec-1] size...>1
2022-06-08 23:19:29,569 INFO com.elastic.fetch.service.ApplicationService [http-nio-6666-exec-1] updated....ApplicationResponseDTO(application=Application(id=null, applicationId=10123456, queue=1999999, assignee=101010, counter=2), indexId=SCG8RIEBnz0EoJUXTlp1)
